This is pdfTeX, Version 3.14159265-2.6-1.40.21 (MiKTeX 2.9.7300 64-bit) (preloaded format=pdflatex 2020.3.9)  19 MAY 2020 16:57
entering extended mode
**./main.tex
(main.tex
LaTeX2e <2020-02-02> patch level 5
L3 programming layer <2020-03-03>
("C:\Program Files\MiKTeX 2.9\tex/latex/base\book.cls"
Document Class: book 2019/12/20 v1.4l Standard LaTeX document class
("C:\Program Files\MiKTeX 2.9\tex/latex/base\bk10.clo"
File: bk10.clo 2019/12/20 v1.4l Standard LaTeX file (size option)
)
\c@part=\count167
\c@chapter=\count168
\c@section=\count169
\c@subsection=\count170
\c@subsubsection=\count171
\c@paragraph=\count172
\c@subparagraph=\count173
\c@figure=\count174
\c@table=\count175
\abovecaptionskip=\skip47
\belowcaptionskip=\skip48
\bibindent=\dimen134
)
("C:\Program Files\MiKTeX 2.9\tex/latex/geometry\geometry.sty"
Package: geometry 2020/01/02 v5.9 Page Geometry

("C:\Program Files\MiKTeX 2.9\tex/latex/graphics\keyval.sty"
Package: keyval 2014/10/28 v1.15 key=value parser (DPC)
\KV@toks@=\toks15
)
("C:\Program Files\MiKTeX 2.9\tex/generic/iftex\ifvtex.sty"
Package: ifvtex 2019/10/25 v1.7 ifvtex legacy package. Use iftex instead.

("C:\Program Files\MiKTeX 2.9\tex/generic/iftex\iftex.sty"
Package: iftex 2019/11/07 v1.0c TeX engine tests
))
\Gm@cnth=\count176
\Gm@cntv=\count177
\c@Gm@tempcnt=\count178
\Gm@bindingoffset=\dimen135
\Gm@wd@mp=\dimen136
\Gm@odd@mp=\dimen137
\Gm@even@mp=\dimen138
\Gm@layoutwidth=\dimen139
\Gm@layoutheight=\dimen140
\Gm@layouthoffset=\dimen141
\Gm@layoutvoffset=\dimen142
\Gm@dimlist=\toks16

("C:\Program Files\MiKTeX 2.9\tex/latex/geometry\geometry.cfg"))
("C:\Program Files\MiKTeX 2.9\tex/latex/amsmath\amsmath.sty"
Package: amsmath 2020/01/20 v2.17e AMS math features
\@mathmargin=\skip49

For additional information on amsmath, use the `?' option.
("C:\Program Files\MiKTeX 2.9\tex/latex/amsmath\amstext.sty"
Package: amstext 2000/06/29 v2.01 AMS text

("C:\Program Files\MiKTeX 2.9\tex/latex/amsmath\amsgen.sty"
File: amsgen.sty 1999/11/30 v2.0 generic functions
\@emptytoks=\toks17
\ex@=\dimen143
))
("C:\Program Files\MiKTeX 2.9\tex/latex/amsmath\amsbsy.sty"
Package: amsbsy 1999/11/29 v1.2d Bold Symbols
\pmbraise@=\dimen144
)
("C:\Program Files\MiKTeX 2.9\tex/latex/amsmath\amsopn.sty"
Package: amsopn 2016/03/08 v2.02 operator names
)
\inf@bad=\count179
LaTeX Info: Redefining \frac on input line 227.
\uproot@=\count180
\leftroot@=\count181
LaTeX Info: Redefining \overline on input line 389.
\classnum@=\count182
\DOTSCASE@=\count183
LaTeX Info: Redefining \ldots on input line 486.
LaTeX Info: Redefining \dots on input line 489.
LaTeX Info: Redefining \cdots on input line 610.
\Mathstrutbox@=\box45
\strutbox@=\box46
\big@size=\dimen145
LaTeX Font Info:    Redeclaring font encoding OML on input line 733.
LaTeX Font Info:    Redeclaring font encoding OMS on input line 734.
\macc@depth=\count184
\c@MaxMatrixCols=\count185
\dotsspace@=\muskip16
\c@parentequation=\count186
\dspbrk@lvl=\count187
\tag@help=\toks18
\row@=\count188
\column@=\count189
\maxfields@=\count190
\andhelp@=\toks19
\eqnshift@=\dimen146
\alignsep@=\dimen147
\tagshift@=\dimen148
\tagwidth@=\dimen149
\totwidth@=\dimen150
\lineht@=\dimen151
\@envbody=\toks20
\multlinegap=\skip50
\multlinetaggap=\skip51
\mathdisplay@stack=\toks21
LaTeX Info: Redefining \[ on input line 2859.
LaTeX Info: Redefining \] on input line 2860.
)
("C:\Program Files\MiKTeX 2.9\tex/latex/amsfonts\amsfonts.sty"
Package: amsfonts 2013/01/14 v3.01 Basic AMSFonts support
\symAMSa=\mathgroup4
\symAMSb=\mathgroup5
LaTeX Font Info:    Redeclaring math symbol \hbar on input line 98.
LaTeX Font Info:    Overwriting math alphabet `\mathfrak' in version `bold'
(Font)                  U/euf/m/n --> U/euf/b/n on input line 106.
)
("C:\Program Files\MiKTeX 2.9\tex/latex/amsfonts\amssymb.sty"
Package: amssymb 2013/01/14 v3.01 AMS font symbols
)
("C:\Program Files\MiKTeX 2.9\tex/latex/graphics\graphicx.sty"
Package: graphicx 2019/11/30 v1.2a Enhanced LaTeX Graphics (DPC,SPQR)

("C:\Program Files\MiKTeX 2.9\tex/latex/graphics\graphics.sty"
Package: graphics 2019/11/30 v1.4a Standard LaTeX Graphics (DPC,SPQR)

("C:\Program Files\MiKTeX 2.9\tex/latex/graphics\trig.sty"
Package: trig 2016/01/03 v1.10 sin cos tan (DPC)
)
("C:\Program Files\MiKTeX 2.9\tex/latex/graphics-cfg\graphics.cfg"
File: graphics.cfg 2016/06/04 v1.11 sample graphics configuration
)
Package graphics Info: Driver file: pdftex.def on input line 105.

("C:\Program Files\MiKTeX 2.9\tex/latex/graphics-def\pdftex.def"
File: pdftex.def 2018/01/08 v1.0l Graphics/color driver for pdftex
))
\Gin@req@height=\dimen152
\Gin@req@width=\dimen153
)
("C:\Program Files\MiKTeX 2.9\tex/latex/cjk-ko\kotex.sty"
Package: kotex 2015/04/19 v1.6 Korean TeX (ko.TeX)

("C:\Program Files\MiKTeX 2.9\tex/latex/kotex-utf\kotex.cfg")
("C:\Program Files\MiKTeX 2.9\tex/latex/kotex-utf\kotexutf.sty"
Package: kotexutf 2015/07/18 v2.1.1 typesetting UTF-8 Korean documents

("C:\Program Files\MiKTeX 2.9\tex/latex/base\inputenc.sty"
Package: inputenc 2018/08/11 v1.3c Input encoding file
\inpenc@prehook=\toks22
\inpenc@posthook=\toks23
)
("C:\Program Files\MiKTeX 2.9\tex/plain/kotex-plain\kotexutf-core.tex"
\unih@ngulpoint=\count191
\dhucs@emph@raise=\dimen154
)
Now handling font encoding LUC ...
... processing UTF-8 mapping file for font encoding LUC

("C:\Program Files\MiKTeX 2.9\tex/latex/kotex-utf\lucenc.dfu"
File: lucenc.dfu 2007/09/05 UTF-8 support for dhucs
   defining Unicode char U+00B7 (decimal 183)
   defining Unicode char U+2018 (decimal 8216)
   defining Unicode char U+2019 (decimal 8217)
   defining Unicode char U+201C (decimal 8220)
   defining Unicode char U+201D (decimal 8221)
   defining Unicode char U+3001 (decimal 12289)
   defining Unicode char U+3002 (decimal 12290)
   defining Unicode char U+3008 (decimal 12296)
   defining Unicode char U+3009 (decimal 12297)
   defining Unicode char U+300A (decimal 12298)
   defining Unicode char U+300B (decimal 12299)
   defining Unicode char U+300C (decimal 12300)
   defining Unicode char U+300D (decimal 12301)
   defining Unicode char U+300E (decimal 12302)
   defining Unicode char U+300F (decimal 12303)
   defining Unicode char U+3010 (decimal 12304)
   defining Unicode char U+3011 (decimal 12305)
   defining Unicode char U+3014 (decimal 12308)
   defining Unicode char U+3015 (decimal 12309)
   defining Unicode char U+3016 (decimal 12310)
   defining Unicode char U+3017 (decimal 12311)
   defining Unicode char U+3018 (decimal 12312)
   defining Unicode char U+3019 (decimal 12313)
   defining Unicode char U+301A (decimal 12314)
   defining Unicode char U+301B (decimal 12315)
   defining Unicode char U+FF01 (decimal 65281)
   defining Unicode char U+FF08 (decimal 65288)
   defining Unicode char U+FF09 (decimal 65289)
   defining Unicode char U+FF0C (decimal 65292)
   defining Unicode char U+FF0E (decimal 65294)
   defining Unicode char U+FF1A (decimal 65306)
   defining Unicode char U+FF1B (decimal 65307)
   defining Unicode char U+FF1C (decimal 65308)
   defining Unicode char U+FF1D (decimal 65309)
   defining Unicode char U+FF1E (decimal 65310)
   defining Unicode char U+FF1F (decimal 65311)
   defining Unicode char U+FF3B (decimal 65339)
   defining Unicode char U+FF3D (decimal 65341)
   defining Unicode char U+FF5B (decimal 65371)
   defining Unicode char U+FF5D (decimal 65373)
   defining Unicode char U+FF61 (decimal 65377)
   defining Unicode char U+FF62 (decimal 65378)
   defining Unicode char U+FF63 (decimal 65379)
   defining Unicode char U+FF64 (decimal 65380)
   defining Unicode char U+FF65 (decimal 65381)
)
\@josa=\count192
\josatoks=\toks24

("C:\Program Files\MiKTeX 2.9\tex/latex/cjk-ko\kolabels-utf.sty"
Package: kolabels-utf 2015/03/20 v1.5 UTF-8 Hangul item labels
)))
("C:\Program Files\MiKTeX 2.9\tex/latex/algorithms\algorithm.sty"
Package: algorithm 2009/08/24 v0.1 Document Style `algorithm' - floating enviro
nment

("C:\Program Files\MiKTeX 2.9\tex/latex/float\float.sty"
Package: float 2001/11/08 v1.3d Float enhancements (AL)
\c@float@type=\count193
\float@exts=\toks25
\float@box=\box47
\@float@everytoks=\toks26
\@floatcapt=\box48
)
("C:\Program Files\MiKTeX 2.9\tex/latex/base\ifthen.sty"
Package: ifthen 2014/09/29 v1.1c Standard LaTeX ifthen package (DPC)
)
\@float@every@algorithm=\toks27
\c@algorithm=\count194
)
("C:\Program Files\MiKTeX 2.9\tex/latex/algorithmicx\algpseudocode.sty"
Package: algpseudocode 

("C:\Program Files\MiKTeX 2.9\tex/latex/algorithmicx\algorithmicx.sty"
Package: algorithmicx 2005/04/27 v1.2 Algorithmicx

Document Style algorithmicx 1.2 - a greatly improved `algorithmic' style
\c@ALG@line=\count195
\c@ALG@rem=\count196
\c@ALG@nested=\count197
\ALG@tlm=\skip52
\ALG@thistlm=\skip53
\c@ALG@Lnr=\count198
\c@ALG@blocknr=\count199
\c@ALG@storecount=\count266
\c@ALG@tmpcounter=\count267
\ALG@tmplength=\skip54
)
Document Style - pseudocode environments for use with the `algorithmicx' style
) ("C:\Program Files\MiKTeX 2.9\tex/latex/psnfss\pifont.sty"
Package: pifont 2020/03/25 PSNFSS-v9.3 Pi font support (SPQR) 
LaTeX Font Info:    Trying to load font information for U+pzd on input line 63.


("C:\Program Files\MiKTeX 2.9\tex/latex/psnfss\upzd.fd"
File: upzd.fd 2001/06/04 font definitions for U/pzd.
)
LaTeX Font Info:    Trying to load font information for U+psy on input line 64.


("C:\Program Files\MiKTeX 2.9\tex/latex/psnfss\upsy.fd"
File: upsy.fd 2001/06/04 font definitions for U/psy.
))
("C:\Program Files\MiKTeX 2.9\tex/latex/minted\minted.sty"
Package: minted 2017/07/19 v2.5 Yet another Pygments shim for LaTeX

("C:\Program Files\MiKTeX 2.9\tex/latex/kvoptions\kvoptions.sty"
Package: kvoptions 2019/11/29 v3.13 Key value format for package options (HO)

("C:\Program Files\MiKTeX 2.9\tex/generic/ltxcmds\ltxcmds.sty"
Package: ltxcmds 2019/12/15 v1.24 LaTeX kernel commands for general use (HO)
)
("C:\Program Files\MiKTeX 2.9\tex/generic/kvsetkeys\kvsetkeys.sty"
Package: kvsetkeys 2019/12/15 v1.18 Key value parser (HO)
))
("C:\Program Files\MiKTeX 2.9\tex/latex/fvextra\fvextra.sty"
Package: fvextra 2019/02/04 v1.4 fvextra - extensions and patches for fancyvrb

("C:\Program Files\MiKTeX 2.9\tex/latex/etoolbox\etoolbox.sty"
Package: etoolbox 2019/09/21 v2.5h e-TeX tools for LaTeX (JAW)
\etb@tempcnta=\count268
)
("C:\Program Files\MiKTeX 2.9\tex/latex/fancyvrb\fancyvrb.sty"
Package: fancyvrb 2020/01/13 v3.5 verbatim text (tvz,hv)
\FV@CodeLineNo=\count269
\FV@InFile=\read2
\FV@TabBox=\box49
\c@FancyVerbLine=\count270
\FV@StepNumber=\count271
\FV@OutFile=\write3
)
("C:\Program Files\MiKTeX 2.9\tex/latex/upquote\upquote.sty"
Package: upquote 2012/04/19 v1.3 upright-quote and grave-accent glyphs in verba
tim
)
("C:\Program Files\MiKTeX 2.9\tex/latex/lineno\lineno.sty"
Package: lineno 2005/11/02 line numbers on paragraphs v4.41
\linenopenalty=\count272
\output=\toks28
\linenoprevgraf=\count273
\linenumbersep=\dimen155
\linenumberwidth=\dimen156
\c@linenumber=\count274
\c@pagewiselinenumber=\count275
\c@LN@truepage=\count276
\c@internallinenumber=\count277
\c@internallinenumbers=\count278
\quotelinenumbersep=\dimen157
\bframerule=\dimen158
\bframesep=\dimen159
\bframebox=\box50
LaTeX Info: Redefining \\ on input line 3056.
)
\c@FV@TrueTabGroupLevel=\count279
\c@FV@TrueTabCounter=\count280
\FV@TabBox@Group=\box51
\FV@TmpLength=\skip55
\c@FV@HighlightLinesStart=\count281
\c@FV@HighlightLinesStop=\count282
\FV@LoopCount=\count283
\FV@NCharsBox=\box52
\FV@BreakIndent=\dimen160
\FV@BreakIndentNChars=\count284
\FV@BreakSymbolSepLeft=\dimen161
\FV@BreakSymbolSepLeftNChars=\count285
\FV@BreakSymbolSepRight=\dimen162
\FV@BreakSymbolSepRightNChars=\count286
\FV@BreakSymbolIndentLeft=\dimen163
\FV@BreakSymbolIndentLeftNChars=\count287
\FV@BreakSymbolIndentRight=\dimen164
\FV@BreakSymbolIndentRightNChars=\count288
\c@FancyVerbLineBreakLast=\count289
\FV@LineBox=\box53
\FV@LineIndentBox=\box54
\FV@LineWidth=\dimen165
)
("C:\Program Files\MiKTeX 2.9\tex/latex/tools\calc.sty"
Package: calc 2017/05/25 v4.3 Infix arithmetic (KKT,FJ)
\calc@Acount=\count290
\calc@Bcount=\count291
\calc@Adimen=\dimen166
\calc@Bdimen=\dimen167
\calc@Askip=\skip56
\calc@Bskip=\skip57
LaTeX Info: Redefining \setlength on input line 80.
LaTeX Info: Redefining \addtolength on input line 81.
\calc@Ccount=\count292
\calc@Cskip=\skip58
)
("C:\Program Files\MiKTeX 2.9\tex/latex/tools\shellesc.sty"
Package: shellesc 2019/11/08 v1.0c unified shell escape interface for LaTeX
Package shellesc Info: Unrestricted shell escape enabled on input line 75.
)
("C:\Program Files\MiKTeX 2.9\tex/latex/ifplatform\ifplatform.sty"
Package: ifplatform 2017/10/13 v0.4a Testing for the operating system

("C:\Program Files\MiKTeX 2.9\tex/latex/pdftexcmds\pdftexcmds.sty"
Package: pdftexcmds 2019/11/24 v0.31 Utility functions of pdfTeX for LuaTeX (HO
)

("C:\Program Files\MiKTeX 2.9\tex/generic/infwarerr\infwarerr.sty"
Package: infwarerr 2019/12/03 v1.5 Providing info/warning/error messages (HO)
)
Package pdftexcmds Info: \pdf@primitive is available.
Package pdftexcmds Info: \pdf@ifprimitive is available.
Package pdftexcmds Info: \pdfdraftmode found.
)
("C:\Program Files\MiKTeX 2.9\tex/generic/catchfile\catchfile.sty"
Package: catchfile 2019/12/09 v1.8 Catch the contents of a file (HO)

("C:\Program Files\MiKTeX 2.9\tex/generic/etexcmds\etexcmds.sty"
Package: etexcmds 2019/12/15 v1.7 Avoid name clashes with e-TeX commands (HO)
))
("C:\Program Files\MiKTeX 2.9\tex/generic/iftex\ifluatex.sty"
Package: ifluatex 2019/10/25 v1.5 ifluatex legacy package. Use iftex instead.
))
("C:\Program Files\MiKTeX 2.9\tex/latex/xstring\xstring.sty"
("C:\Program Files\MiKTeX 2.9\tex/generic/xstring\xstring.tex"
\integerpart=\count293
\decimalpart=\count294
)
Package: xstring 2019/02/06 v1.83 String manipulations (CT)
)
("C:\Program Files\MiKTeX 2.9\tex/latex/framed\framed.sty"
Package: framed 2011/10/22 v 0.96: framed or shaded text with page breaks
\OuterFrameSep=\skip59
\fb@frw=\dimen168
\fb@frh=\dimen169
\FrameRule=\dimen170
\FrameSep=\dimen171
)
\minted@appexistsfile=\read3
\minted@bgbox=\box55
\minted@code=\write4
\c@minted@FancyVerbLineTemp=\count295
\c@minted@pygmentizecounter=\count296
\@float@every@listing=\toks29
\c@listing=\count297
)
runsystem(if not exist _minted-main mkdir _minted-main)...executed.


("C:\Program Files\MiKTeX 2.9\tex/latex/setspace\setspace.sty"
Package: setspace 2011/12/19 v6.7a set line spacing
)
("C:\Program Files\MiKTeX 2.9\tex/latex/l3packages/xparse\xparse.sty"
("C:\Program Files\MiKTeX 2.9\tex/latex/l3kernel\expl3.sty"
Package: expl3 2020-03-03 L3 programming layer (loader) 

("C:\Program Files\MiKTeX 2.9\tex/latex/l3backend\l3backend-pdfmode.def"
File: l3backend-pdfmode.def 2020-02-23 L3 backend support: PDF mode
\l__kernel_color_stack_int=\count298
\l__pdf_internal_box=\box56
))
Package: xparse 2020-03-03 L3 Experimental document command parser
\l__xparse_current_arg_int=\count299
\g__xparse_grabber_int=\count300
\l__xparse_m_args_int=\count301
\l__xparse_v_nesting_int=\count302
)
("C:\Program Files\MiKTeX 2.9\tex/latex/listings\listings.sty"
\lst@mode=\count303
\lst@gtempboxa=\box57
\lst@token=\toks30
\lst@length=\count304
\lst@currlwidth=\dimen172
\lst@column=\count305
\lst@pos=\count306
\lst@lostspace=\dimen173
\lst@width=\dimen174
\lst@newlines=\count307
\lst@lineno=\count308
\lst@maxwidth=\dimen175

("C:\Program Files\MiKTeX 2.9\tex/latex/listings\lstmisc.sty"
File: lstmisc.sty 2019/09/10 1.8c (Carsten Heinz)
\c@lstnumber=\count309
\lst@skipnumbers=\count310
\lst@framebox=\box58
)
("C:\Program Files\MiKTeX 2.9\tex/latex/listings\listings.cfg"
File: listings.cfg 2019/09/10 1.8c listings configuration
))
Package: listings 2019/09/10 1.8c (Carsten Heinz)

("C:\Program Files\MiKTeX 2.9\tex/latex/graphics\color.sty"
Package: color 2019/11/23 v1.2a Standard LaTeX Color (DPC)

("C:\Program Files\MiKTeX 2.9\tex/latex/graphics-cfg\color.cfg"
File: color.cfg 2016/01/02 v1.6 sample color configuration
)
Package color Info: Driver file: pdftex.def on input line 147.
)
("C:\Program Files\MiKTeX 2.9\tex/latex/tcolorbox\tcolorbox.sty"
Package: tcolorbox 2019/11/15 version 4.22 text color boxes

("C:\Program Files\MiKTeX 2.9\tex/latex/pgf/basiclayer\pgf.sty"
("C:\Program Files\MiKTeX 2.9\tex/latex/pgf/utilities\pgfrcs.sty"
("C:\Program Files\MiKTeX 2.9\tex/generic/pgf/utilities\pgfutil-common.tex"
\pgfutil@everybye=\toks31
\pgfutil@tempdima=\dimen176
\pgfutil@tempdimb=\dimen177

("C:\Program Files\MiKTeX 2.9\tex/generic/pgf/utilities\pgfutil-common-lists.te
x")) ("C:\Program Files\MiKTeX 2.9\tex/generic/pgf/utilities\pgfutil-latex.def"
\pgfutil@abb=\box59
("C:\Program Files\MiKTeX 2.9\tex/latex/ms\everyshi.sty"
Package: everyshi 2001/05/15 v3.00 EveryShipout Package (MS)
))
("C:\Program Files\MiKTeX 2.9\tex/generic/pgf/utilities\pgfrcs.code.tex"
("C:\Program Files\MiKTeX 2.9\tex/generic/pgf\pgf.revision.tex")
Package: pgfrcs 2020/01/08 v3.1.5b (3.1.5b)
))
Package: pgf 2020/01/08 v3.1.5b (3.1.5b)

("C:\Program Files\MiKTeX 2.9\tex/latex/pgf/basiclayer\pgfcore.sty"
("C:\Program Files\MiKTeX 2.9\tex/latex/pgf/systemlayer\pgfsys.sty"
("C:\Program Files\MiKTeX 2.9\tex/generic/pgf/systemlayer\pgfsys.code.tex"
Package: pgfsys 2020/01/08 v3.1.5b (3.1.5b)

("C:\Program Files\MiKTeX 2.9\tex/generic/pgf/utilities\pgfkeys.code.tex"
\pgfkeys@pathtoks=\toks32
\pgfkeys@temptoks=\toks33

("C:\Program Files\MiKTeX 2.9\tex/generic/pgf/utilities\pgfkeysfiltered.code.te
x"
\pgfkeys@tmptoks=\toks34
))
\pgf@x=\dimen178
\pgf@y=\dimen179
\pgf@xa=\dimen180
\pgf@ya=\dimen181
\pgf@xb=\dimen182
\pgf@yb=\dimen183
\pgf@xc=\dimen184
\pgf@yc=\dimen185
\pgf@xd=\dimen186
\pgf@yd=\dimen187
\w@pgf@writea=\write5
\r@pgf@reada=\read4
\c@pgf@counta=\count311
\c@pgf@countb=\count312
\c@pgf@countc=\count313
\c@pgf@countd=\count314
\t@pgf@toka=\toks35
\t@pgf@tokb=\toks36
\t@pgf@tokc=\toks37
\pgf@sys@id@count=\count315
 ("C:\Program Files\MiKTeX 2.9\tex/generic/pgf/systemlayer\pgf.cfg"
File: pgf.cfg 2020/01/08 v3.1.5b (3.1.5b)
)
Driver file for pgf: pgfsys-pdftex.def

("C:\Program Files\MiKTeX 2.9\tex/generic/pgf/systemlayer\pgfsys-pdftex.def"
File: pgfsys-pdftex.def 2020/01/08 v3.1.5b (3.1.5b)

("C:\Program Files\MiKTeX 2.9\tex/generic/pgf/systemlayer\pgfsys-common-pdf.def
"
File: pgfsys-common-pdf.def 2020/01/08 v3.1.5b (3.1.5b)
)))
("C:\Program Files\MiKTeX 2.9\tex/generic/pgf/systemlayer\pgfsyssoftpath.code.t
ex"
File: pgfsyssoftpath.code.tex 2020/01/08 v3.1.5b (3.1.5b)
\pgfsyssoftpath@smallbuffer@items=\count316
\pgfsyssoftpath@bigbuffer@items=\count317
)
("C:\Program Files\MiKTeX 2.9\tex/generic/pgf/systemlayer\pgfsysprotocol.code.t
ex"
File: pgfsysprotocol.code.tex 2020/01/08 v3.1.5b (3.1.5b)
)) ("C:\Program Files\MiKTeX 2.9\tex/latex/xcolor\xcolor.sty"
Package: xcolor 2016/05/11 v2.12 LaTeX color extensions (UK)

("C:\Program Files\MiKTeX 2.9\tex/latex/graphics-cfg\color.cfg"
File: color.cfg 2016/01/02 v1.6 sample color configuration
)
Package xcolor Info: Driver file: pdftex.def on input line 225.
LaTeX Info: Redefining \color on input line 709.
Package xcolor Info: Model `cmy' substituted by `cmy0' on input line 1348.
Package xcolor Info: Model `hsb' substituted by `rgb' on input line 1352.
Package xcolor Info: Model `RGB' extended on input line 1364.
Package xcolor Info: Model `HTML' substituted by `rgb' on input line 1366.
Package xcolor Info: Model `Hsb' substituted by `hsb' on input line 1367.
Package xcolor Info: Model `tHsb' substituted by `hsb' on input line 1368.
Package xcolor Info: Model `HSB' substituted by `hsb' on input line 1369.
Package xcolor Info: Model `Gray' substituted by `gray' on input line 1370.
Package xcolor Info: Model `wave' substituted by `hsb' on input line 1371.
)
("C:\Program Files\MiKTeX 2.9\tex/generic/pgf/basiclayer\pgfcore.code.tex"
Package: pgfcore 2020/01/08 v3.1.5b (3.1.5b)

("C:\Program Files\MiKTeX 2.9\tex/generic/pgf/math\pgfmath.code.tex"
("C:\Program Files\MiKTeX 2.9\tex/generic/pgf/math\pgfmathcalc.code.tex"
("C:\Program Files\MiKTeX 2.9\tex/generic/pgf/math\pgfmathutil.code.tex")
("C:\Program Files\MiKTeX 2.9\tex/generic/pgf/math\pgfmathparser.code.tex"
\pgfmath@dimen=\dimen188
\pgfmath@count=\count318
\pgfmath@box=\box60
\pgfmath@toks=\toks38
\pgfmath@stack@operand=\toks39
\pgfmath@stack@operation=\toks40
)
("C:\Program Files\MiKTeX 2.9\tex/generic/pgf/math\pgfmathfunctions.code.tex"
("C:\Program Files\MiKTeX 2.9\tex/generic/pgf/math\pgfmathfunctions.basic.code.
tex")
("C:\Program Files\MiKTeX 2.9\tex/generic/pgf/math\pgfmathfunctions.trigonometr
ic.code.tex")
("C:\Program Files\MiKTeX 2.9\tex/generic/pgf/math\pgfmathfunctions.random.code
.tex")
("C:\Program Files\MiKTeX 2.9\tex/generic/pgf/math\pgfmathfunctions.comparison.
code.tex")
("C:\Program Files\MiKTeX 2.9\tex/generic/pgf/math\pgfmathfunctions.base.code.t
ex")
("C:\Program Files\MiKTeX 2.9\tex/generic/pgf/math\pgfmathfunctions.round.code.
tex")
("C:\Program Files\MiKTeX 2.9\tex/generic/pgf/math\pgfmathfunctions.misc.code.t
ex")
("C:\Program Files\MiKTeX 2.9\tex/generic/pgf/math\pgfmathfunctions.integerarit
hmetics.code.tex")))
("C:\Program Files\MiKTeX 2.9\tex/generic/pgf/math\pgfmathfloat.code.tex"
\c@pgfmathroundto@lastzeros=\count319
))
("C:\Program Files\MiKTeX 2.9\tex/generic/pgf/math\pgfint.code.tex")
("C:\Program Files\MiKTeX 2.9\tex/generic/pgf/basiclayer\pgfcorepoints.code.tex
"
File: pgfcorepoints.code.tex 2020/01/08 v3.1.5b (3.1.5b)
\pgf@picminx=\dimen189
\pgf@picmaxx=\dimen190
\pgf@picminy=\dimen191
\pgf@picmaxy=\dimen192
\pgf@pathminx=\dimen193
\pgf@pathmaxx=\dimen194
\pgf@pathminy=\dimen195
\pgf@pathmaxy=\dimen196
\pgf@xx=\dimen197
\pgf@xy=\dimen198
\pgf@yx=\dimen199
\pgf@yy=\dimen256
\pgf@zx=\dimen257
\pgf@zy=\dimen258
)
("C:\Program Files\MiKTeX 2.9\tex/generic/pgf/basiclayer\pgfcorepathconstruct.c
ode.tex"
File: pgfcorepathconstruct.code.tex 2020/01/08 v3.1.5b (3.1.5b)
\pgf@path@lastx=\dimen259
\pgf@path@lasty=\dimen260
)
("C:\Program Files\MiKTeX 2.9\tex/generic/pgf/basiclayer\pgfcorepathusage.code.
tex"
File: pgfcorepathusage.code.tex 2020/01/08 v3.1.5b (3.1.5b)
\pgf@shorten@end@additional=\dimen261
\pgf@shorten@start@additional=\dimen262
)
("C:\Program Files\MiKTeX 2.9\tex/generic/pgf/basiclayer\pgfcorescopes.code.tex
"
File: pgfcorescopes.code.tex 2020/01/08 v3.1.5b (3.1.5b)
\pgfpic=\box61
\pgf@hbox=\box62
\pgf@layerbox@main=\box63
\pgf@picture@serial@count=\count320
)
("C:\Program Files\MiKTeX 2.9\tex/generic/pgf/basiclayer\pgfcoregraphicstate.co
de.tex"
File: pgfcoregraphicstate.code.tex 2020/01/08 v3.1.5b (3.1.5b)
\pgflinewidth=\dimen263
)
("C:\Program Files\MiKTeX 2.9\tex/generic/pgf/basiclayer\pgfcoretransformations
.code.tex"
File: pgfcoretransformations.code.tex 2020/01/08 v3.1.5b (3.1.5b)
\pgf@pt@x=\dimen264
\pgf@pt@y=\dimen265
\pgf@pt@temp=\dimen266
)
("C:\Program Files\MiKTeX 2.9\tex/generic/pgf/basiclayer\pgfcorequick.code.tex"
File: pgfcorequick.code.tex 2020/01/08 v3.1.5b (3.1.5b)
)
("C:\Program Files\MiKTeX 2.9\tex/generic/pgf/basiclayer\pgfcoreobjects.code.te
x"
File: pgfcoreobjects.code.tex 2020/01/08 v3.1.5b (3.1.5b)
)
("C:\Program Files\MiKTeX 2.9\tex/generic/pgf/basiclayer\pgfcorepathprocessing.
code.tex"
File: pgfcorepathprocessing.code.tex 2020/01/08 v3.1.5b (3.1.5b)
)
("C:\Program Files\MiKTeX 2.9\tex/generic/pgf/basiclayer\pgfcorearrows.code.tex
"
File: pgfcorearrows.code.tex 2020/01/08 v3.1.5b (3.1.5b)
\pgfarrowsep=\dimen267
)
("C:\Program Files\MiKTeX 2.9\tex/generic/pgf/basiclayer\pgfcoreshade.code.tex"
File: pgfcoreshade.code.tex 2020/01/08 v3.1.5b (3.1.5b)
\pgf@max=\dimen268
\pgf@sys@shading@range@num=\count321
\pgf@shadingcount=\count322
) ("C:\Program Files\MiKTeX 2.9\tex/generic/pgf/basiclayer\pgfcoreimage.code.te
x"
File: pgfcoreimage.code.tex 2020/01/08 v3.1.5b (3.1.5b)

("C:\Program Files\MiKTeX 2.9\tex/generic/pgf/basiclayer\pgfcoreexternal.code.t
ex"
File: pgfcoreexternal.code.tex 2020/01/08 v3.1.5b (3.1.5b)
\pgfexternal@startupbox=\box64
))
("C:\Program Files\MiKTeX 2.9\tex/generic/pgf/basiclayer\pgfcorelayers.code.tex
"
File: pgfcorelayers.code.tex 2020/01/08 v3.1.5b (3.1.5b)
)
("C:\Program Files\MiKTeX 2.9\tex/generic/pgf/basiclayer\pgfcoretransparency.co
de.tex"
File: pgfcoretransparency.code.tex 2020/01/08 v3.1.5b (3.1.5b)
)
("C:\Program Files\MiKTeX 2.9\tex/generic/pgf/basiclayer\pgfcorepatterns.code.t
ex"
File: pgfcorepatterns.code.tex 2020/01/08 v3.1.5b (3.1.5b)
)
("C:\Program Files\MiKTeX 2.9\tex/generic/pgf/basiclayer\pgfcorerdf.code.tex"
File: pgfcorerdf.code.tex 2020/01/08 v3.1.5b (3.1.5b)
))) ("C:\Program Files\MiKTeX 2.9\tex/generic/pgf/modules\pgfmoduleshapes.code.
tex"
File: pgfmoduleshapes.code.tex 2020/01/08 v3.1.5b (3.1.5b)
\pgfnodeparttextbox=\box65
) ("C:\Program Files\MiKTeX 2.9\tex/generic/pgf/modules\pgfmoduleplot.code.tex"
File: pgfmoduleplot.code.tex 2020/01/08 v3.1.5b (3.1.5b)
)
("C:\Program Files\MiKTeX 2.9\tex/latex/pgf/compatibility\pgfcomp-version-0-65.
sty"
Package: pgfcomp-version-0-65 2020/01/08 v3.1.5b (3.1.5b)
\pgf@nodesepstart=\dimen269
\pgf@nodesepend=\dimen270
)
("C:\Program Files\MiKTeX 2.9\tex/latex/pgf/compatibility\pgfcomp-version-1-18.
sty"
Package: pgfcomp-version-1-18 2020/01/08 v3.1.5b (3.1.5b)
)) ("C:\Program Files\MiKTeX 2.9\tex/latex/tools\verbatim.sty"
Package: verbatim 2019/11/10 v1.5r LaTeX2e package for verbatim enhancements
\every@verbatim=\toks41
\verbatim@line=\toks42
\verbatim@in@stream=\read5
)
("C:\Program Files\MiKTeX 2.9\tex/latex/environ\environ.sty"
Package: environ 2014/05/04 v0.3 A new way to define environments

("C:\Program Files\MiKTeX 2.9\tex/latex/trimspaces\trimspaces.sty"
Package: trimspaces 2009/09/17 v1.1 Trim spaces around a token list
))
\tcb@titlebox=\box66
\tcb@upperbox=\box67
\tcb@lowerbox=\box68
\tcb@phantombox=\box69
\c@tcbbreakpart=\count323
\c@tcblayer=\count324
\tcolorbox@number=\count325
\tcb@temp=\box70
\tcb@temp=\box71
\tcb@temp=\box72
\tcb@temp=\box73
\tcb@out=\write6
\tcb@record@out=\write7
)
runsystem(for ^%i in (pygmentize.exe pygmentize.bat pygmentize.cmd) do set > ma
in.aex <nul: /p x=^%~$PATH:i>> main.aex)...executed.

runsystem(del main.aex)...executed.



LaTeX Warning: Unused global option(s):
    [b6paper].

(main.aux)
\openout1 = `main.aux'.

LaTeX Font Info:    Checking defaults for OML/cmm/m/it on input line 81.
LaTeX Font Info:    ... okay on input line 81.
LaTeX Font Info:    Checking defaults for OMS/cmsy/m/n on input line 81.
LaTeX Font Info:    ... okay on input line 81.
LaTeX Font Info:    Checking defaults for OT1/cmr/m/n on input line 81.
LaTeX Font Info:    ... okay on input line 81.
LaTeX Font Info:    Checking defaults for T1/cmr/m/n on input line 81.
LaTeX Font Info:    ... okay on input line 81.
LaTeX Font Info:    Checking defaults for TS1/cmr/m/n on input line 81.
LaTeX Font Info:    ... okay on input line 81.
LaTeX Font Info:    Checking defaults for OMX/cmex/m/n on input line 81.
LaTeX Font Info:    ... okay on input line 81.
LaTeX Font Info:    Checking defaults for U/cmr/m/n on input line 81.
LaTeX Font Info:    ... okay on input line 81.
LaTeX Font Info:    Checking defaults for LUC/nanummj/m/n on input line 81.
LaTeX Font Info:    Trying to load font information for LUC+nanummj on input li
ne 81.
 ("C:\Program Files\MiKTeX 2.9\tex/latex/nanumtype1\lucnanummj.fd"
File: lucnanummj.fd 2013/02/12 v0.1 Nanum Myeongjo font definitions
)
LaTeX Font Info:    ... okay on input line 81.

*geometry* driver: auto-detecting
*geometry* detected driver: pdftex
*geometry* verbose mode - [ preamble ] result:
* driver: pdftex
* paper: b6paper
* layout: <same size as paper>
* layoutoffset:(h,v)=(0.0pt,0.0pt)
* bindingoffset: 14.22636pt
* modes: twoside 
* h-part:(L,W,R)=(34.14331pt, 256.0748pt, 51.21497pt)
* v-part:(T,H,B)=(50.07684pt, 375.57637pt, 75.11528pt)
* \paperwidth=355.65944pt
* \paperheight=500.7685pt
* \textwidth=256.0748pt
* \textheight=375.57637pt
* \oddsidemargin=-23.90031pt
* \evensidemargin=-21.05502pt
* \topmargin=-52.26064pt
* \headheight=12.0pt
* \headsep=18.06749pt
* \topskip=10.0pt
* \footskip=25.29494pt
* \marginparwidth=125.0pt
* \marginparsep=7.0pt
* \columnsep=10.0pt
* \skip\footins=9.0pt plus 4.0pt minus 2.0pt
* \hoffset=0.0pt
* \voffset=0.0pt
* \mag=1000
* \@twocolumnfalse
* \@twosidetrue
* \@mparswitchtrue
* \@reversemarginfalse
* (1in=72.27pt=25.4mm, 1cm=28.453pt)

("C:\Program Files\MiKTeX 2.9\tex/context/base/mkii\supp-pdf.mkii"
[Loading MPS to PDF converter (version 2006.09.02).]
\scratchcounter=\count326
\scratchdimen=\dimen271
\scratchbox=\box74
\nofMPsegments=\count327
\nofMParguments=\count328
\everyMPshowfont=\toks43
\MPscratchCnt=\count329
\MPscratchDim=\dimen272
\MPnumerator=\count330
\makeMPintoPDFobject=\count331
\everyMPtoPDFconversion=\toks44
) ("C:\Program Files\MiKTeX 2.9\tex/latex/epstopdf-pkg\epstopdf-base.sty"
Package: epstopdf-base 2020-01-24 v2.11 Base part for package epstopdf
Package epstopdf-base Info: Redefining graphics rule for `.eps' on input line 4
85.
)
("C:\Program Files\MiKTeX 2.9\tex/latex/base\textcomp.sty"
Package: textcomp 2020/02/02 v2.0n Standard LaTeX package
)
\c@lstlisting=\count332

ABD: EveryShipout initializing macros
LaTeX Font Info:    Trying to load font information for U+msa on input line 82.


("C:\Program Files\MiKTeX 2.9\tex/latex/amsfonts\umsa.fd"
File: umsa.fd 2013/01/14 v3.01 AMS symbols A
)
LaTeX Font Info:    Trying to load font information for U+msb on input line 82.


("C:\Program Files\MiKTeX 2.9\tex/latex/amsfonts\umsb.fd"
File: umsb.fd 2013/01/14 v3.01 AMS symbols B
) [1


{C:/Users/Rojiku/AppData/Local/MiKTeX/2.9/pdftex/config/pdftex.map}] [2

] (main.toc)
\tf@toc=\write8
\openout8 = `main.toc'.

 [3] [4

]
Chapter 1.

Underfull \hbox (badness 10000) in paragraph at lines 92--96

 []

[5]
Underfull \vbox (badness 10000) has occurred while \output is active []

 [6]
LaTeX Font Info:    Font shape `OT1/cmtt/bx/n' in size <8> not available
(Font)              Font shape `OT1/cmtt/m/n' tried instead on input line 114.

[7] [8] [9] [10

]
Chapter 2.

Overfull \hbox (1.32616pt too wide) in paragraph at lines 175--178
\LUC/nanummj/m/n/10/c7 t\LUC/nanummj/m/n/10/ac É \LUC/nanummj/m/n/10/bf –\LUC/n
anummj/m/n/10/c7 t\LUC/nanummj/m/n/10/b2 ‰\OT1/cmr/m/n/10 . \LUC/nanummj/m/n/10
/c8 p\LUC/nanummj/m/n/10/ac t\LUC/nanummj/m/n/10/c7 t \LUC/nanummj/m/n/10/cc 8\
OT1/cmr/m/n/10 (true)\LUC/nanummj/m/n/10/c7 t\LUC/nanummj/m/n/10/ae 0 \LUC/nanu
mmj/m/n/10/b5 L\LUC/nanummj/m/n/10/bb 8\LUC/nanummj/m/n/10/c5 – \LUC/nanummj/m/
n/10/b2 ˘\LUC/nanummj/m/n/10/c5 \LUC/nanummj/m/n/10/d7 à \OT1/cmr/m/n/10 Hello
 World!
 []

[11]
LaTeX Font Info:    Trying to load font information for TS1+cmtt on input line 
180.
 ("C:\Program Files\MiKTeX 2.9\tex/latex/base\ts1cmtt.fd"
File: ts1cmtt.fd 2019/12/16 v2.5j Standard LaTeX font definitions
) [12] [13]
[14]
Underfull \hbox (badness 10000) in paragraph at lines 243--256

 []


Underfull \hbox (badness 10000) in paragraph at lines 243--256

 []


Underfull \hbox (badness 10000) in paragraph at lines 243--256

 []

[15] [16

]
Chapter 3.
[17]
LaTeX Font Info:    Trying to load font information for LUC+nanumgt on input li
ne 283.
 ("C:\Program Files\MiKTeX 2.9\tex/latex/nanumtype1\lucnanumgt.fd"
File: lucnanumgt.fd 2013/02/12 v0.1 Nanum Gothic font definitions
)
[18]
Underfull \vbox (badness 1014) has occurred while \output is active []

 [19]
Underfull \vbox (badness 1783) has occurred while \output is active []

 [20]
Overfull \hbox (4.31856pt too wide) in paragraph at lines 333--337
\LUC/nanummj/m/n/10/c7 t\LUC/nanummj/m/n/10/c8  $[]$\LUC/nanummj/m/n/10/c7 X \
LUC/nanummj/m/n/10/ac \LUC/nanummj/m/n/10/c7 D \LUC/nanummj/m/n/10/c5 LD\LUC/n
anummj/m/n/10/bc Ù\LUC/nanummj/m/n/10/c7 ê\LUC/nanummj/m/n/10/ba t\OT1/cmr/m/n/
10 , \LUC/nanummj/m/n/10/ac ∞\LUC/nanummj/m/n/10/b8 `\LUC/nanummj/m/n/10/c8 \L
UC/nanummj/m/n/10/c7 <\LUC/nanummj/m/n/10/b8 \\LUC/nanummj/m/n/10/b2 î $[]$
 []

[21] [22]
Overfull \hbox (0.81812pt too wide) in paragraph at lines 374--379
$[]$\LUC/nanummj/m/n/10/b9 | \LUC/nanummj/m/n/10/c0 ¥\LUC/nanummj/m/n/10/d3 ¥\L
UC/nanummj/m/n/10/bc Ù\LUC/nanummj/m/n/10/ba t\OT1/cmr/m/n/10 , $[]$\LUC/nanumm
j/m/n/10/c7 X \LUC/nanummj/m/n/10/c6 –\LUC/nanummj/m/n/10/c1 å \LUC/nanummj/m/n
/10/c9  \OT1/cmtt/m/n/10 floor(ra
 []


Overfull \hbox (0.82364pt too wide) in paragraph at lines 374--379
\LUC/nanummj/m/n/10/c2  \LUC/nanummj/m/n/10/c7 à\LUC/nanummj/m/n/10/b2 ‰\OT1/c
mr/m/n/10 . \LUC/nanummj/m/n/10/b5 0\LUC/nanummj/m/n/10/b7 |\LUC/nanummj/m/n/10
/c1  $[]$\LUC/nanummj/m/n/10/c7 X \LUC/nanummj/m/n/10/ac \LUC/nanummj/m/n/10/
c7 @ \OT1/cmtt/m/n/10 msgDic
 []

[23] [24] [25]
Underfull \hbox (badness 10000) in paragraph at lines 437--451

 []


Underfull \hbox (badness 10000) in paragraph at lines 437--451

 []


Underfull \vbox (badness 10000) has occurred while \output is active []

 [26]
[27] [28] [29] (main.aux) ) 
Here is how much of TeX's memory you used:
 18976 strings out of 481292
 362729 string characters out of 2917547
 705740 words of memory out of 3000000
 34018 multiletter control sequences out of 15000+200000
 582704 words of font info for 200 fonts, out of 3000000 for 9000
 1141 hyphenation exceptions out of 8191
 59i,8n,75p,842b,1858s stack positions out of 5000i,500n,10000p,200000b,50000s
 <C:\Users\Rojiku\AppData\Local\MiKTeX\2.9\fonts/pk/
ljfour/jknappen/ec/dpi600\tctt0800.pk><C:/Program Files/MiKTeX 2.9/fonts/type1/
public/amsfonts/cm/cmbx10.pfb><C:/Program Files/MiKTeX 2.9/fonts/type1/public/a
msfonts/cm/cmbx12.pfb><C:/Program Files/MiKTeX 2.9/fonts/type1/public/amsfonts/
cm/cmcsc10.pfb><C:/Program Files/MiKTeX 2.9/fonts/type1/public/amsfonts/cm/cmmi
10.pfb><C:/Program Files/MiKTeX 2.9/fonts/type1/public/amsfonts/cm/cmr10.pfb><C
:/Program Files/MiKTeX 2.9/fonts/type1/public/amsfonts/cm/cmr12.pfb><C:/Program
 Files/MiKTeX 2.9/fonts/type1/public/amsfonts/cm/cmr17.pfb><C:/Program Files/Mi
KTeX 2.9/fonts/type1/public/amsfonts/cm/cmr6.pfb><C:/Program Files/MiKTeX 2.9/f
onts/type1/public/amsfonts/cm/cmr7.pfb><C:/Program Files/MiKTeX 2.9/fonts/type1
/public/amsfonts/cm/cmr8.pfb><C:/Program Files/MiKTeX 2.9/fonts/type1/public/am
sfonts/cm/cmsl10.pfb><C:/Program Files/MiKTeX 2.9/fonts/type1/public/amsfonts/c
m/cmsy10.pfb><C:/Program Files/MiKTeX 2.9/fonts/type1/public/amsfonts/cm/cmsy8.
pfb><C:/Program Files/MiKTeX 2.9/fonts/type1/public/amsfonts/cm/cmtt10.pfb><C:/
Program Files/MiKTeX 2.9/fonts/type1/public/amsfonts/cm/cmtt8.pfb><C:/Program F
iles/MiKTeX 2.9/fonts/type1/public/amsfonts/symbols/msbm10.pfb><C:/Program File
s/MiKTeX 2.9/fonts/type1/public/nanumtype1/nanumgtbb1.pfb><C:/Program Files/MiK
TeX 2.9/fonts/type1/public/nanumtype1/nanumgtbc1.pfb><C:/Program Files/MiKTeX 2
.9/fonts/type1/public/nanumtype1/nanumgtbc5.pfb><C:/Program Files/MiKTeX 2.9/fo
nts/type1/public/nanumtype1/nanumgtbc6.pfb><C:/Program Files/MiKTeX 2.9/fonts/t
ype1/public/nanumtype1/nanumgtbd5.pfb><C:/Program Files/MiKTeX 2.9/fonts/type1/
public/nanumtype1/nanumgtmac.pfb><C:/Program Files/MiKTeX 2.9/fonts/type1/publi
c/nanumtype1/nanumgtmb0.pfb><C:/Program Files/MiKTeX 2.9/fonts/type1/public/nan
umtype1/nanumgtmb1.pfb><C:/Program Files/MiKTeX 2.9/fonts/type1/public/nanumtyp
e1/nanumgtmbc.pfb><C:/Program Files/MiKTeX 2.9/fonts/type1/public/nanumtype1/na
numgtmc0.pfb><C:/Program Files/MiKTeX 2.9/fonts/type1/public/nanumtype1/nanumgt
mc1.pfb><C:/Program Files/MiKTeX 2.9/fonts/type1/public/nanumtype1/nanumgtmc5.p
fb><C:/Program Files/MiKTeX 2.9/fonts/type1/public/nanumtype1/nanumgtmc6.pfb><C
:/Program Files/MiKTeX 2.9/fonts/type1/public/nanumtype1/nanumgtmc7.pfb><C:/Pro
gram Files/MiKTeX 2.9/fonts/type1/public/nanumtype1/nanumgtmc8.pfb><C:/Program 
Files/MiKTeX 2.9/fonts/type1/public/nanumtype1/nanumgtmc9.pfb><C:/Program Files
/MiKTeX 2.9/fonts/type1/public/nanumtype1/nanumgtmd5.pfb><C:/Program Files/MiKT
eX 2.9/fonts/type1/public/nanumtype1/nanumgtmd6.pfb><C:/Program Files/MiKTeX 2.
9/fonts/type1/public/nanumtype1/nanumgtmd7.pfb><C:/Program Files/MiKTeX 2.9/fon
ts/type1/public/nanumtype1/nanummjbae.pfb><C:/Program Files/MiKTeX 2.9/fonts/ty
pe1/public/nanumtype1/nanummjbb8.pfb><C:/Program Files/MiKTeX 2.9/fonts/type1/p
ublic/nanumtype1/nanummjbba.pfb><C:/Program Files/MiKTeX 2.9/fonts/type1/public
/nanumtype1/nanummjbbc.pfb><C:/Program Files/MiKTeX 2.9/fonts/type1/public/nanu
mtype1/nanummjbbd.pfb><C:/Program Files/MiKTeX 2.9/fonts/type1/public/nanumtype
1/nanummjbc1.pfb><C:/Program Files/MiKTeX 2.9/fonts/type1/public/nanumtype1/nan
ummjbc2.pfb><C:/Program Files/MiKTeX 2.9/fonts/type1/public/nanumtype1/nanummjb
c7.pfb><C:/Program Files/MiKTeX 2.9/fonts/type1/public/nanumtype1/nanummjbc8.pf
b><C:/Program Files/MiKTeX 2.9/fonts/type1/public/nanumtype1/nanummjbcc.pfb><C:
/Program Files/MiKTeX 2.9/fonts/type1/public/nanumtype1/nanummjbce.pfb><C:/Prog
ram Files/MiKTeX 2.9/fonts/type1/public/nanumtype1/nanummjbd5.pfb><C:/Program F
iles/MiKTeX 2.9/fonts/type1/public/nanumtype1/nanummjmac.pfb><C:/Program Files/
MiKTeX 2.9/fonts/type1/public/nanumtype1/nanummjmad.pfb><C:/Program Files/MiKTe
X 2.9/fonts/type1/public/nanumtype1/nanummjmae.pfb><C:/Program Files/MiKTeX 2.9
/fonts/type1/public/nanumtype1/nanummjmae.pfb><C:/Program Files/MiKTeX 2.9/font
s/type1/public/nanumtype1/nanummjmaf.pfb><C:/Program Files/MiKTeX 2.9/fonts/typ
e1/public/nanumtype1/nanummjmb0.pfb><C:/Program Files/MiKTeX 2.9/fonts/type1/pu
blic/nanumtype1/nanummjmb1.pfb><C:/Program Files/MiKTeX 2.9/fonts/type1/public/
nanumtype1/nanummjmb2.pfb><C:/Program Files/MiKTeX 2.9/fonts/type1/public/nanum
type1/nanummjmb3.pfb><C:/Program Files/MiKTeX 2.9/fonts/type1/public/nanumtype1
/nanummjmb4.pfb><C:/Program Files/MiKTeX 2.9/fonts/type1/public/nanumtype1/nanu
mmjmb5.pfb><C:/Program Files/MiKTeX 2.9/fonts/type1/public/nanumtype1/nanummjmb
6.pfb><C:/Program Files/MiKTeX 2.9/fonts/type1/public/nanumtype1/nanummjmb7.pfb
><C:/Program Files/MiKTeX 2.9/fonts/type1/public/nanumtype1/nanummjmb8.pfb><C:/
Program Files/MiKTeX 2.9/fonts/type1/public/nanumtype1/nanummjmb8.pfb><C:/Progr
am Files/MiKTeX 2.9/fonts/type1/public/nanumtype1/nanummjmb9.pfb><C:/Program Fi
les/MiKTeX 2.9/fonts/type1/public/nanumtype1/nanummjmba.pfb><C:/Program Files/M
iKTeX 2.9/fonts/type1/public/nanumtype1/nanummjmbb.pfb><C:/Program Files/MiKTeX
 2.9/fonts/type1/public/nanumtype1/nanummjmbc.pfb><C:/Program Files/MiKTeX 2.9/
fonts/type1/public/nanumtype1/nanummjmbd.pfb><C:/Program Files/MiKTeX 2.9/fonts
/type1/public/nanumtype1/nanummjmbd.pfb><C:/Program Files/MiKTeX 2.9/fonts/type
1/public/nanumtype1/nanummjmbe.pfb><C:/Program Files/MiKTeX 2.9/fonts/type1/pub
lic/nanumtype1/nanummjmbf.pfb><C:/Program Files/MiKTeX 2.9/fonts/type1/public/n
anumtype1/nanummjmc0.pfb><C:/Program Files/MiKTeX 2.9/fonts/type1/public/nanumt
ype1/nanummjmc1.pfb><C:/Program Files/MiKTeX 2.9/fonts/type1/public/nanumtype1/
nanummjmc1.pfb><C:/Program Files/MiKTeX 2.9/fonts/type1/public/nanumtype1/nanum
mjmc2.pfb><C:/Program Files/MiKTeX 2.9/fonts/type1/public/nanumtype1/nanummjmc2
.pfb><C:/Program Files/MiKTeX 2.9/fonts/type1/public/nanumtype1/nanummjmc3.pfb>
<C:/Program Files/MiKTeX 2.9/fonts/type1/public/nanumtype1/nanummjmc4.pfb><C:/P
rogram Files/MiKTeX 2.9/fonts/type1/public/nanumtype1/nanummjmc5.pfb><C:/Progra
m Files/MiKTeX 2.9/fonts/type1/public/nanumtype1/nanummjmc6.pfb><C:/Program Fil
es/MiKTeX 2.9/fonts/type1/public/nanumtype1/nanummjmc7.pfb><C:/Program Files/Mi
KTeX 2.9/fonts/type1/public/nanumtype1/nanummjmc7.pfb><C:/Program Files/MiKTeX 
2.9/fonts/type1/public/nanumtype1/nanummjmc8.pfb><C:/Program Files/MiKTeX 2.9/f
onts/type1/public/nanumtype1/nanummjmc9.pfb><C:/Program Files/MiKTeX 2.9/fonts/
type1/public/nanumtype1/nanummjmcb.pfb><C:/Program Files/MiKTeX 2.9/fonts/type1
/public/nanumtype1/nanummjmcc.pfb><C:/Program Files/MiKTeX 2.9/fonts/type1/publ
ic/nanumtype1/nanummjmcc.pfb><C:/Program Files/MiKTeX 2.9/fonts/type1/public/na
numtype1/nanummjmcd.pfb><C:/Program Files/MiKTeX 2.9/fonts/type1/public/nanumty
pe1/nanummjmce.pfb><C:/Program Files/MiKTeX 2.9/fonts/type1/public/nanumtype1/n
anummjmcf.pfb><C:/Program Files/MiKTeX 2.9/fonts/type1/public/nanumtype1/nanumm
jmd0.pfb><C:/Program Files/MiKTeX 2.9/fonts/type1/public/nanumtype1/nanummjmd1.
pfb><C:/Program Files/MiKTeX 2.9/fonts/type1/public/nanumtype1/nanummjmd2.pfb><
C:/Program Files/MiKTeX 2.9/fonts/type1/public/nanumtype1/nanummjmd3.pfb><C:/Pr
ogram Files/MiKTeX 2.9/fonts/type1/public/nanumtype1/nanummjmd4.pfb><C:/Program
 Files/MiKTeX 2.9/fonts/type1/public/nanumtype1/nanummjmd5.pfb><C:/Program File
s/MiKTeX 2.9/fonts/type1/public/nanumtype1/nanummjmd5.pfb><C:/Program Files/MiK
TeX 2.9/fonts/type1/public/nanumtype1/nanummjmd6.pfb><C:/Program Files/MiKTeX 2
.9/fonts/type1/public/nanumtype1/nanummjmd7.pfb>
Output written on main.pdf (29 pages, 3297367 bytes).
PDF statistics:
 495 PDF objects out of 1000 (max. 8388607)
 0 named destinations out of 1000 (max. 500000)
 13 words of extra memory for PDF output out of 10000 (max. 10000000)

